<?xml version="1.0" encoding="UTF-8"?>
<!-- Generated by org.testng.reporters.JUnitReportReporter -->
<testsuite skipped="0" hostname="CDC2-LX-1MX6QQ2" name="test.test3" tests="1" failures="0" timestamp="20 Aug 2020 07:05:51 GMT" time="0.002" errors="0">
  <testcase name="f" time="0.002" classname="test.test3"/>
</testsuite> <!-- test.test3 -->
